<?xml version="1.0" encoding="UTF-8"?>
<testng-results skipped="0" failed="0" ignored="0" total="1" passed="1">
  <reporter-output>
  </reporter-output>
  <suite name="Default suite" duration-ms="14224" started-at="2019-11-02T17:32:05Z" finished-at="2019-11-02T17:32:20Z">
    <groups>
    </groups>
    <test name="Default test" duration-ms="14224" started-at="2019-11-02T17:32:05Z" finished-at="2019-11-02T17:32:20Z">
      <class name="SeleniumTopics.BootStrapDropdownTest">
        <test-method status="PASS" signature="setUp()[pri:0, instance:SeleniumTopics.BootStrapDropdownTest@5e3a8624]" name="setUp" is-config="true" duration-ms="13027" started-at="2019-11-02T17:32:05Z" finished-at="2019-11-02T17:32:18Z">
          <reporter-output>
          </reporter-output>
        </test-method> <!-- setUp -->
        <test-method status="PASS" signature="test()[pri:0, instance:SeleniumTopics.BootStrapDropdownTest@5e3a8624]" name="test" duration-ms="332" started-at="2019-11-02T17:32:18Z" finished-at="2019-11-02T17:32:19Z">
          <reporter-output>
          </reporter-output>
        </test-method> <!-- test -->
        <test-method status="PASS" signature="tearDown()[pri:0, instance:SeleniumTopics.BootStrapDropdownTest@5e3a8624]" name="tearDown" is-config="true" duration-ms="839" started-at="2019-11-02T17:32:19Z" finished-at="2019-11-02T17:32:20Z">
          <reporter-output>
          </reporter-output>
        </test-method> <!-- tearDown -->
      </class> <!-- SeleniumTopics.BootStrapDropdownTest -->
    </test> <!-- Default test -->
  </suite> <!-- Default suite -->
</testng-results>
